[INFO ] 2024-12-02 02:51:49.882 [background-preinit][Version.java] Version - HV000001: Hibernate Validator 6.2.5.Final
[INFO ] 2024-12-02 02:51:49.916 [restartedMain][StartupInfoLogger.java] UsedAuctionApplication - Starting UsedAuctionApplication using Java 1.8.0_202 on DESKTOP-097332L with PID 34004 (D:\바탕화면 모음\개인 프로젝트\프로젝트\usedAuction\out\production\classes started by rlgur in D:\바탕화면 모음\개인 프로젝트\프로젝트\usedAuction)
[INFO ] 2024-12-02 02:51:49.920 [restartedMain][SpringApplication.java] UsedAuctionApplication - No active profile set, falling back to 1 default profile: "default"
[INFO ] 2024-12-02 02:51:49.953 [restartedMain][DeferredLog.java] DevToolsPropertyDefaultsPostProcessor - Devtools property defaults active! Set 'spring.devtools.add-properties' to 'false' to disable
[INFO ] 2024-12-02 02:51:49.953 [restartedMain][DeferredLog.java] DevToolsPropertyDefaultsPostProcessor - For additional web related logging consider setting the 'logging.level.web' property to 'DEBUG'
[INFO ] 2024-12-02 02:51:50.803 [restartedMain][RepositoryConfigurationDelegate.java] RepositoryConfigurationDelegate - Multiple Spring Data modules found, entering strict repository configuration mode
[INFO ] 2024-12-02 02:51:50.804 [restartedMain][RepositoryConfigurationDelegate.java] RepositoryConfigurationDelegate - Bootstrapping Spring Data JPA repositories in DEFAULT mode.
[INFO ] 2024-12-02 02:51:50.955 [restartedMain][RepositoryConfigurationDelegate.java] RepositoryConfigurationDelegate - Finished Spring Data repository scanning in 146 ms. Found 10 JPA repository interfaces.
[INFO ] 2024-12-02 02:51:50.966 [restartedMain][RepositoryConfigurationDelegate.java] RepositoryConfigurationDelegate - Multiple Spring Data modules found, entering strict repository configuration mode
[INFO ] 2024-12-02 02:51:50.967 [restartedMain][RepositoryConfigurationDelegate.java] RepositoryConfigurationDelegate - Bootstrapping Spring Data Redis repositories in DEFAULT mode.
[INFO ] 2024-12-02 02:51:50.983 [restartedMain][RepositoryConfigurationExtensionSupport.java] RepositoryConfigurationExtensionSupport - Spring Data Redis - Could not safely identify store assignment for repository candidate interface com.example.usedAuction.repository.auction.AuctionBidRepository; If you want this repository to be a Redis repository, consider annotating your entities with one of these annotations: org.springframework.data.redis.core.RedisHash (preferred), or consider extending one of the following types with your repository: org.springframework.data.keyvalue.repository.KeyValueRepository
[INFO ] 2024-12-02 02:51:50.983 [restartedMain][RepositoryConfigurationExtensionSupport.java] RepositoryConfigurationExtensionSupport - Spring Data Redis - Could not safely identify store assignment for repository candidate interface com.example.usedAuction.repository.auction.AuctionTransactionImageRepository; If you want this repository to be a Redis repository, consider annotating your entities with one of these annotations: org.springframework.data.redis.core.RedisHash (preferred), or consider extending one of the following types with your repository: org.springframework.data.keyvalue.repository.KeyValueRepository
[INFO ] 2024-12-02 02:51:50.984 [restartedMain][RepositoryConfigurationExtensionSupport.java] RepositoryConfigurationExtensionSupport - Spring Data Redis - Could not safely identify store assignment for repository candidate interface com.example.usedAuction.repository.auction.AuctionTransactionRepository; If you want this repository to be a Redis repository, consider annotating your entities with one of these annotations: org.springframework.data.redis.core.RedisHash (preferred), or consider extending one of the following types with your repository: org.springframework.data.keyvalue.repository.KeyValueRepository
[INFO ] 2024-12-02 02:51:50.984 [restartedMain][RepositoryConfigurationExtensionSupport.java] RepositoryConfigurationExtensionSupport - Spring Data Redis - Could not safely identify store assignment for repository candidate interface com.example.usedAuction.repository.chatting.ChattingMessageRepository; If you want this repository to be a Redis repository, consider annotating your entities with one of these annotations: org.springframework.data.redis.core.RedisHash (preferred), or consider extending one of the following types with your repository: org.springframework.data.keyvalue.repository.KeyValueRepository
[INFO ] 2024-12-02 02:51:50.984 [restartedMain][RepositoryConfigurationExtensionSupport.java] RepositoryConfigurationExtensionSupport - Spring Data Redis - Could not safely identify store assignment for repository candidate interface com.example.usedAuction.repository.chatting.ChattingRoomRepository; If you want this repository to be a Redis repository, consider annotating your entities with one of these annotations: org.springframework.data.redis.core.RedisHash (preferred), or consider extending one of the following types with your repository: org.springframework.data.keyvalue.repository.KeyValueRepository
[INFO ] 2024-12-02 02:51:50.985 [restartedMain][RepositoryConfigurationExtensionSupport.java] RepositoryConfigurationExtensionSupport - Spring Data Redis - Could not safely identify store assignment for repository candidate interface com.example.usedAuction.repository.general.GeneralTransactionImageRepository; If you want this repository to be a Redis repository, consider annotating your entities with one of these annotations: org.springframework.data.redis.core.RedisHash (preferred), or consider extending one of the following types with your repository: org.springframework.data.keyvalue.repository.KeyValueRepository
[INFO ] 2024-12-02 02:51:50.985 [restartedMain][RepositoryConfigurationExtensionSupport.java] RepositoryConfigurationExtensionSupport - Spring Data Redis - Could not safely identify store assignment for repository candidate interface com.example.usedAuction.repository.general.GeneralTransactionRepository; If you want this repository to be a Redis repository, consider annotating your entities with one of these annotations: org.springframework.data.redis.core.RedisHash (preferred), or consider extending one of the following types with your repository: org.springframework.data.keyvalue.repository.KeyValueRepository
[INFO ] 2024-12-02 02:51:50.985 [restartedMain][RepositoryConfigurationExtensionSupport.java] RepositoryConfigurationExtensionSupport - Spring Data Redis - Could not safely identify store assignment for repository candidate interface com.example.usedAuction.repository.notification.NotificationRepository; If you want this repository to be a Redis repository, consider annotating your entities with one of these annotations: org.springframework.data.redis.core.RedisHash (preferred), or consider extending one of the following types with your repository: org.springframework.data.keyvalue.repository.KeyValueRepository
[INFO ] 2024-12-02 02:51:50.986 [restartedMain][RepositoryConfigurationExtensionSupport.java] RepositoryConfigurationExtensionSupport - Spring Data Redis - Could not safely identify store assignment for repository candidate interface com.example.usedAuction.repository.payment.PayInfoRepository; If you want this repository to be a Redis repository, consider annotating your entities with one of these annotations: org.springframework.data.redis.core.RedisHash (preferred), or consider extending one of the following types with your repository: org.springframework.data.keyvalue.repository.KeyValueRepository
[INFO ] 2024-12-02 02:51:50.986 [restartedMain][RepositoryConfigurationExtensionSupport.java] RepositoryConfigurationExtensionSupport - Spring Data Redis - Could not safely identify store assignment for repository candidate interface com.example.usedAuction.repository.user.UserRepository; If you want this repository to be a Redis repository, consider annotating your entities with one of these annotations: org.springframework.data.redis.core.RedisHash (preferred), or consider extending one of the following types with your repository: org.springframework.data.keyvalue.repository.KeyValueRepository
[INFO ] 2024-12-02 02:51:50.986 [restartedMain][RepositoryConfigurationDelegate.java] RepositoryConfigurationDelegate - Finished Spring Data repository scanning in 12 ms. Found 0 Redis repository interfaces.
[WARN ] 2024-12-02 02:51:51.127 [restartedMain][InstanceMetadataServiceResourceFetcher.java] InstanceMetadataServiceResourceFetcher - Fail to retrieve token 
com.amazonaws.SdkClientException: Failed to connect to service endpoint: 
	at com.amazonaws.internal.EC2ResourceFetcher.doReadResource(EC2ResourceFetcher.java:100) ~[aws-java-sdk-core-1.11.792.jar:?]
	at com.amazonaws.internal.InstanceMetadataServiceResourceFetcher.getToken(InstanceMetadataServiceResourceFetcher.java:91) ~[aws-java-sdk-core-1.11.792.jar:?]
	at com.amazonaws.internal.InstanceMetadataServiceResourceFetcher.readResource(InstanceMetadataServiceResourceFetcher.java:69) ~[aws-java-sdk-core-1.11.792.jar:?]
	at com.amazonaws.internal.EC2ResourceFetcher.readResource(EC2ResourceFetcher.java:66) ~[aws-java-sdk-core-1.11.792.jar:?]
	at com.amazonaws.util.EC2MetadataUtils.getItems(EC2MetadataUtils.java:402) ~[aws-java-sdk-core-1.11.792.jar:?]
	at com.amazonaws.util.EC2MetadataUtils.getData(EC2MetadataUtils.java:371) ~[aws-java-sdk-core-1.11.792.jar:?]
	at org.springframework.cloud.aws.context.support.env.AwsCloudEnvironmentCheckUtils.isRunningOnCloudEnvironment(AwsCloudEnvironmentCheckUtils.java:38) ~[spring-cloud-aws-context-2.2.6.RELEASE.jar:2.2.6.RELEASE]
	at org.springframework.cloud.aws.context.annotation.OnAwsCloudEnvironmentCondition.matches(OnAwsCloudEnvironmentCondition.java:38) ~[spring-cloud-aws-context-2.2.6.RELEASE.jar:2.2.6.RELEASE]
	at org.springframework.context.annotation.ConditionEvaluator.shouldSkip(ConditionEvaluator.java:108) ~[spring-context-5.3.30.jar:5.3.30]
	at org.springframework.context.annotation.ConfigurationClassBeanDefinitionReader$TrackedConditionEvaluator.shouldSkip(ConfigurationClassBeanDefinitionReader.java:490) ~[spring-context-5.3.30.jar:5.3.30]
	at org.springframework.context.annotation.ConfigurationClassBeanDefinitionReader.loadBeanDefinitionsForConfigurationClass(ConfigurationClassBeanDefinitionReader.java:140) ~[spring-context-5.3.30.jar:5.3.30]
	at org.springframework.context.annotation.ConfigurationClassBeanDefinitionReader.loadBeanDefinitions(ConfigurationClassBeanDefinitionReader.java:129) ~[spring-context-5.3.30.jar:5.3.30]
	at org.springframework.context.annotation.ConfigurationClassPostProcessor.processConfigBeanDefinitions(ConfigurationClassPostProcessor.java:343) ~[spring-context-5.3.30.jar:5.3.30]
	at org.springframework.context.annotation.ConfigurationClassPostProcessor.postProcessBeanDefinitionRegistry(ConfigurationClassPostProcessor.java:247) ~[spring-context-5.3.30.jar:5.3.30]
	at org.springframework.context.support.PostProcessorRegistrationDelegate.invokeBeanDefinitionRegistryPostProcessors(PostProcessorRegistrationDelegate.java:311) ~[spring-context-5.3.30.jar:5.3.30]
	at org.springframework.context.support.PostProcessorRegistrationDelegate.invokeBeanFactoryPostProcessors(PostProcessorRegistrationDelegate.java:112) ~[spring-context-5.3.30.jar:5.3.30]
	at org.springframework.context.support.AbstractApplicationContext.invokeBeanFactoryPostProcessors(AbstractApplicationContext.java:748) ~[spring-context-5.3.30.jar:5.3.30]
	at org.springframework.context.support.AbstractApplicationContext.refresh(AbstractApplicationContext.java:564) ~[spring-context-5.3.30.jar:5.3.30]
	at org.springframework.boot.web.servlet.context.ServletWebServerApplicationContext.refresh(ServletWebServerApplicationContext.java:147) ~[spring-boot-2.7.16.jar:2.7.16]
	at org.springframework.boot.SpringApplication.refresh(SpringApplication.java:731) ~[spring-boot-2.7.16.jar:2.7.16]
	at org.springframework.boot.SpringApplication.refreshContext(SpringApplication.java:408) ~[spring-boot-2.7.16.jar:2.7.16]
	at org.springframework.boot.SpringApplication.run(SpringApplication.java:307) ~[spring-boot-2.7.16.jar:2.7.16]
	at org.springframework.boot.SpringApplication.run(SpringApplication.java:1303) ~[spring-boot-2.7.16.jar:2.7.16]
	at org.springframework.boot.SpringApplication.run(SpringApplication.java:1292) ~[spring-boot-2.7.16.jar:2.7.16]
	at com.example.usedAuction.UsedAuctionApplication.main(UsedAuctionApplication.java:10) ~[classes/:?]
	at sun.reflect.NativeMethodAccessorImpl.invoke0(Native Method) ~[?:1.8.0_202]
	at sun.reflect.NativeMethodAccessorImpl.invoke(NativeMethodAccessorImpl.java:62) ~[?:1.8.0_202]
	at sun.reflect.DelegatingMethodAccessorImpl.invoke(DelegatingMethodAccessorImpl.java:43) ~[?:1.8.0_202]
	at java.lang.reflect.Method.invoke(Method.java:498) ~[?:1.8.0_202]
	at org.springframework.boot.devtools.restart.RestartLauncher.run(RestartLauncher.java:50) ~[spring-boot-devtools-2.7.16.jar:2.7.16]
Caused by: java.net.SocketException: Network is unreachable: connect
	at java.net.TwoStacksPlainSocketImpl.socketConnect(Native Method) ~[?:1.8.0_202]
	at java.net.AbstractPlainSocketImpl.doConnect(AbstractPlainSocketImpl.java:350) ~[?:1.8.0_202]
	at java.net.AbstractPlainSocketImpl.connectToAddress(AbstractPlainSocketImpl.java:206) ~[?:1.8.0_202]
	at java.net.AbstractPlainSocketImpl.connect(AbstractPlainSocketImpl.java:188) ~[?:1.8.0_202]
	at java.net.PlainSocketImpl.connect(PlainSocketImpl.java:172) ~[?:1.8.0_202]
	at java.net.SocksSocketImpl.connect(SocksSocketImpl.java:392) ~[?:1.8.0_202]
	at java.net.Socket.connect(Socket.java:589) ~[?:1.8.0_202]
	at sun.net.NetworkClient.doConnect(NetworkClient.java:175) ~[?:1.8.0_202]
	at sun.net.www.http.HttpClient.openServer(HttpClient.java:463) ~[?:1.8.0_202]
	at sun.net.www.http.HttpClient.openServer(HttpClient.java:558) ~[?:1.8.0_202]
	at sun.net.www.http.HttpClient.<init>(HttpClient.java:242) ~[?:1.8.0_202]
	at sun.net.www.http.HttpClient.New(HttpClient.java:339) ~[?:1.8.0_202]
	at sun.net.www.http.HttpClient.New(HttpClient.java:357) ~[?:1.8.0_202]
	at sun.net.www.protocol.http.HttpURLConnection.getNewHttpClient(HttpURLConnection.java:1220) ~[?:1.8.0_202]
	at sun.net.www.protocol.http.HttpURLConnection.plainConnect0(HttpURLConnection.java:1199) ~[?:1.8.0_202]
	at sun.net.www.protocol.http.HttpURLConnection.plainConnect(HttpURLConnection.java:1050) ~[?:1.8.0_202]
	at sun.net.www.protocol.http.HttpURLConnection.connect(HttpURLConnection.java:984) ~[?:1.8.0_202]
	at com.amazonaws.internal.ConnectionUtils.connectToEndpoint(ConnectionUtils.java:52) ~[aws-java-sdk-core-1.11.792.jar:?]
	at com.amazonaws.internal.EC2ResourceFetcher.doReadResource(EC2ResourceFetcher.java:80) ~[aws-java-sdk-core-1.11.792.jar:?]
	... 29 more
[WARN ] 2024-12-02 02:51:51.131 [restartedMain][EC2MetadataUtils.java] EC2MetadataUtils - Unable to retrieve the requested metadata (/latest/meta-data/instance-id). Failed to connect to service endpoint: 
com.amazonaws.SdkClientException: Failed to connect to service endpoint: 
	at com.amazonaws.internal.EC2ResourceFetcher.doReadResource(EC2ResourceFetcher.java:100) ~[aws-java-sdk-core-1.11.792.jar:?]
	at com.amazonaws.internal.InstanceMetadataServiceResourceFetcher.getToken(InstanceMetadataServiceResourceFetcher.java:91) ~[aws-java-sdk-core-1.11.792.jar:?]
	at com.amazonaws.internal.InstanceMetadataServiceResourceFetcher.readResource(InstanceMetadataServiceResourceFetcher.java:69) ~[aws-java-sdk-core-1.11.792.jar:?]
	at com.amazonaws.internal.EC2ResourceFetcher.readResource(EC2ResourceFetcher.java:66) ~[aws-java-sdk-core-1.11.792.jar:?]
	at com.amazonaws.util.EC2MetadataUtils.getItems(EC2MetadataUtils.java:402) ~[aws-java-sdk-core-1.11.792.jar:?]
	at com.amazonaws.util.EC2MetadataUtils.getData(EC2MetadataUtils.java:371) ~[aws-java-sdk-core-1.11.792.jar:?]
	at org.springframework.cloud.aws.context.support.env.AwsCloudEnvironmentCheckUtils.isRunningOnCloudEnvironment(AwsCloudEnvironmentCheckUtils.java:38) ~[spring-cloud-aws-context-2.2.6.RELEASE.jar:2.2.6.RELEASE]
	at org.springframework.cloud.aws.context.annotation.OnAwsCloudEnvironmentCondition.matches(OnAwsCloudEnvironmentCondition.java:38) ~[spring-cloud-aws-context-2.2.6.RELEASE.jar:2.2.6.RELEASE]
	at org.springframework.context.annotation.ConditionEvaluator.shouldSkip(ConditionEvaluator.java:108) ~[spring-context-5.3.30.jar:5.3.30]
	at org.springframework.context.annotation.ConfigurationClassBeanDefinitionReader$TrackedConditionEvaluator.shouldSkip(ConfigurationClassBeanDefinitionReader.java:490) ~[spring-context-5.3.30.jar:5.3.30]
	at org.springframework.context.annotation.ConfigurationClassBeanDefinitionReader.loadBeanDefinitionsForConfigurationClass(ConfigurationClassBeanDefinitionReader.java:140) ~[spring-context-5.3.30.jar:5.3.30]
	at org.springframework.context.annotation.ConfigurationClassBeanDefinitionReader.loadBeanDefinitions(ConfigurationClassBeanDefinitionReader.java:129) ~[spring-context-5.3.30.jar:5.3.30]
	at org.springframework.context.annotation.ConfigurationClassPostProcessor.processConfigBeanDefinitions(ConfigurationClassPostProcessor.java:343) ~[spring-context-5.3.30.jar:5.3.30]
	at org.springframework.context.annotation.ConfigurationClassPostProcessor.postProcessBeanDefinitionRegistry(ConfigurationClassPostProcessor.java:247) ~[spring-context-5.3.30.jar:5.3.30]
	at org.springframework.context.support.PostProcessorRegistrationDelegate.invokeBeanDefinitionRegistryPostProcessors(PostProcessorRegistrationDelegate.java:311) ~[spring-context-5.3.30.jar:5.3.30]
	at org.springframework.context.support.PostProcessorRegistrationDelegate.invokeBeanFactoryPostProcessors(PostProcessorRegistrationDelegate.java:112) ~[spring-context-5.3.30.jar:5.3.30]
	at org.springframework.context.support.AbstractApplicationContext.invokeBeanFactoryPostProcessors(AbstractApplicationContext.java:748) ~[spring-context-5.3.30.jar:5.3.30]
	at org.springframework.context.support.AbstractApplicationContext.refresh(AbstractApplicationContext.java:564) ~[spring-context-5.3.30.jar:5.3.30]
	at org.springframework.boot.web.servlet.context.ServletWebServerApplicationContext.refresh(ServletWebServerApplicationContext.java:147) ~[spring-boot-2.7.16.jar:2.7.16]
	at org.springframework.boot.SpringApplication.refresh(SpringApplication.java:731) ~[spring-boot-2.7.16.jar:2.7.16]
	at org.springframework.boot.SpringApplication.refreshContext(SpringApplication.java:408) ~[spring-boot-2.7.16.jar:2.7.16]
	at org.springframework.boot.SpringApplication.run(SpringApplication.java:307) ~[spring-boot-2.7.16.jar:2.7.16]
	at org.springframework.boot.SpringApplication.run(SpringApplication.java:1303) ~[spring-boot-2.7.16.jar:2.7.16]
	at org.springframework.boot.SpringApplication.run(SpringApplication.java:1292) ~[spring-boot-2.7.16.jar:2.7.16]
	at com.example.usedAuction.UsedAuctionApplication.main(UsedAuctionApplication.java:10) ~[classes/:?]
	at sun.reflect.NativeMethodAccessorImpl.invoke0(Native Method) ~[?:1.8.0_202]
	at sun.reflect.NativeMethodAccessorImpl.invoke(NativeMethodAccessorImpl.java:62) ~[?:1.8.0_202]
	at sun.reflect.DelegatingMethodAccessorImpl.invoke(DelegatingMethodAccessorImpl.java:43) ~[?:1.8.0_202]
	at java.lang.reflect.Method.invoke(Method.java:498) ~[?:1.8.0_202]
	at org.springframework.boot.devtools.restart.RestartLauncher.run(RestartLauncher.java:50) ~[spring-boot-devtools-2.7.16.jar:2.7.16]
Caused by: java.net.SocketException: Network is unreachable: connect
	at java.net.TwoStacksPlainSocketImpl.socketConnect(Native Method) ~[?:1.8.0_202]
	at java.net.AbstractPlainSocketImpl.doConnect(AbstractPlainSocketImpl.java:350) ~[?:1.8.0_202]
	at java.net.AbstractPlainSocketImpl.connectToAddress(AbstractPlainSocketImpl.java:206) ~[?:1.8.0_202]
	at java.net.AbstractPlainSocketImpl.connect(AbstractPlainSocketImpl.java:188) ~[?:1.8.0_202]
	at java.net.PlainSocketImpl.connect(PlainSocketImpl.java:172) ~[?:1.8.0_202]
	at java.net.SocksSocketImpl.connect(SocksSocketImpl.java:392) ~[?:1.8.0_202]
	at java.net.Socket.connect(Socket.java:589) ~[?:1.8.0_202]
	at sun.net.NetworkClient.doConnect(NetworkClient.java:175) ~[?:1.8.0_202]
	at sun.net.www.http.HttpClient.openServer(HttpClient.java:463) ~[?:1.8.0_202]
	at sun.net.www.http.HttpClient.openServer(HttpClient.java:558) ~[?:1.8.0_202]
	at sun.net.www.http.HttpClient.<init>(HttpClient.java:242) ~[?:1.8.0_202]
	at sun.net.www.http.HttpClient.New(HttpClient.java:339) ~[?:1.8.0_202]
	at sun.net.www.http.HttpClient.New(HttpClient.java:357) ~[?:1.8.0_202]
	at sun.net.www.protocol.http.HttpURLConnection.getNewHttpClient(HttpURLConnection.java:1220) ~[?:1.8.0_202]
	at sun.net.www.protocol.http.HttpURLConnection.plainConnect0(HttpURLConnection.java:1199) ~[?:1.8.0_202]
	at sun.net.www.protocol.http.HttpURLConnection.plainConnect(HttpURLConnection.java:1050) ~[?:1.8.0_202]
	at sun.net.www.protocol.http.HttpURLConnection.connect(HttpURLConnection.java:984) ~[?:1.8.0_202]
	at com.amazonaws.internal.ConnectionUtils.connectToEndpoint(ConnectionUtils.java:52) ~[aws-java-sdk-core-1.11.792.jar:?]
	at com.amazonaws.internal.EC2ResourceFetcher.doReadResource(EC2ResourceFetcher.java:80) ~[aws-java-sdk-core-1.11.792.jar:?]
	... 29 more
[INFO ] 2024-12-02 02:51:51.374 [restartedMain][PostProcessorRegistrationDelegate.java] PostProcessorRegistrationDelegate$BeanPostProcessorChecker - Bean '(inner bean)#14fec2c' of type [com.amazonaws.auth.BasicAWSCredentials] is not eligible for getting processed by all BeanPostProcessors (for example: not eligible for auto-proxying)
[INFO ] 2024-12-02 02:51:51.375 [restartedMain][PostProcessorRegistrationDelegate.java] PostProcessorRegistrationDelegate$BeanPostProcessorChecker - Bean '(inner bean)#1c95f5f' of type [com.amazonaws.auth.AWSStaticCredentialsProvider] is not eligible for getting processed by all BeanPostProcessors (for example: not eligible for auto-proxying)
[INFO ] 2024-12-02 02:51:51.381 [restartedMain][PostProcessorRegistrationDelegate.java] PostProcessorRegistrationDelegate$BeanPostProcessorChecker - Bean '(inner bean)#1dd90be' of type [com.amazonaws.auth.profile.ProfileCredentialsProvider] is not eligible for getting processed by all BeanPostProcessors (for example: not eligible for auto-proxying)
[INFO ] 2024-12-02 02:51:51.384 [restartedMain][PostProcessorRegistrationDelegate.java] PostProcessorRegistrationDelegate$BeanPostProcessorChecker - Bean 'credentialsProvider' of type [org.springframework.cloud.aws.core.credentials.CredentialsProviderFactoryBean] is not eligible for getting processed by all BeanPostProcessors (for example: not eligible for auto-proxying)
[INFO ] 2024-12-02 02:51:51.384 [restartedMain][PostProcessorRegistrationDelegate.java] PostProcessorRegistrationDelegate$BeanPostProcessorChecker - Bean 'credentialsProvider' of type [com.amazonaws.auth.AWSCredentialsProviderChain] is not eligible for getting processed by all BeanPostProcessors (for example: not eligible for auto-proxying)
[INFO ] 2024-12-02 02:51:51.882 [restartedMain][TomcatWebServer.java] TomcatWebServer - Tomcat initialized with port(s): 8080 (http)
[INFO ] 2024-12-02 02:51:51.889 [restartedMain][DirectJDKLog.java] Http11NioProtocol - Initializing ProtocolHandler ["http-nio-8080"]
[INFO ] 2024-12-02 02:51:51.891 [restartedMain][DirectJDKLog.java] StandardService - Starting service [Tomcat]
[INFO ] 2024-12-02 02:51:51.891 [restartedMain][DirectJDKLog.java] StandardEngine - Starting Servlet engine: [Apache Tomcat/9.0.80]
[INFO ] 2024-12-02 02:51:52.005 [restartedMain][DirectJDKLog.java] [/] - Initializing Spring embedded WebApplicationContext
[INFO ] 2024-12-02 02:51:52.005 [restartedMain][ServletWebServerApplicationContext.java] ServletWebServerApplicationContext - Root WebApplicationContext: initialization completed in 2052 ms
[INFO ] 2024-12-02 02:51:52.156 [restartedMain][LogHelper.java] LogHelper - HHH000204: Processing PersistenceUnitInfo [name: default]
[INFO ] 2024-12-02 02:51:52.197 [restartedMain][Version.java] Version - HHH000412: Hibernate ORM core version 5.6.15.Final
[INFO ] 2024-12-02 02:51:52.325 [restartedMain][JavaReflectionManager.java] Version - HCANN000001: Hibernate Commons Annotations {5.1.2.Final}
[INFO ] 2024-12-02 02:51:52.405 [restartedMain][HikariDataSource.java] HikariDataSource - HikariPool-1 - Starting...
[INFO ] 2024-12-02 02:51:52.809 [restartedMain][HikariDataSource.java] HikariDataSource - HikariPool-1 - Start completed.
[INFO ] 2024-12-02 02:51:52.823 [restartedMain][Dialect.java] Dialect - HHH000400: Using dialect: org.hibernate.dialect.MySQL57Dialect
[INFO ] 2024-12-02 02:51:53.620 [restartedMain][JtaPlatformInitiator.java] JtaPlatformInitiator - HHH000490: Using JtaPlatform implementation: [org.hibernate.engine.transaction.jta.platform.internal.NoJtaPlatform]
[INFO ] 2024-12-02 02:51:53.630 [restartedMain][AbstractEntityManagerFactoryBean.java] LocalContainerEntityManagerFactoryBean - Initialized JPA EntityManagerFactory for persistence unit 'default'
[INFO ] 2024-12-02 02:51:54.594 [restartedMain][AutowiredAnnotationBeanPostProcessor.java] AutowiredAnnotationBeanPostProcessor - Autowired annotation is not supported on static fields: public static java.lang.String com.example.usedAuction.service.see.SseService.domain
[INFO ] 2024-12-02 02:51:55.373 [restartedMain][DefaultSecurityFilterChain.java] DefaultSecurityFilterChain - Will secure any request with [org.springframework.security.web.session.DisableEncodeUrlFilter@1e92914, org.springframework.security.web.context.request.async.WebAsyncManagerIntegrationFilter@108a69f, org.springframework.security.web.context.SecurityContextPersistenceFilter@3cf73d, org.springframework.security.web.header.HeaderWriterFilter@1b8e911, org.springframework.security.web.authentication.logout.LogoutFilter@1f46d79, com.example.usedAuction.config.jwt.JwtFilter@96fe39, org.springframework.web.filter.CorsFilter@62006c, org.springframework.security.web.savedrequest.RequestCacheAwareFilter@f7cc25, org.springframework.security.web.servletapi.SecurityContextHolderAwareRequestFilter@115bf71, org.springframework.security.web.authentication.AnonymousAuthenticationFilter@c23dc4, org.springframework.security.web.session.SessionManagementFilter@6edc0, org.springframework.security.web.access.ExceptionTranslationFilter@758d77, org.springframework.security.web.access.intercept.AuthorizationFilter@1384b6c]
[WARN ] 2024-12-02 02:51:55.528 [restartedMain][JpaBaseConfiguration.java] JpaBaseConfiguration$JpaWebConfiguration - spring.jpa.open-in-view is enabled by default. Therefore, database queries may be performed during view rendering. Explicitly configure spring.jpa.open-in-view to disable this warning
[INFO ] 2024-12-02 02:51:55.676 [restartedMain][WelcomePageHandlerMapping.java] WelcomePageHandlerMapping - Adding welcome page: class path resource [static/index.html]
[INFO ] 2024-12-02 02:51:55.959 [restartedMain][ClientLogger.java] ReflectionUtilsMethodHandle - Unable to create MethodHandles to use Java 9+ MethodHandles.privateLookupIn. Will attempt to fallback to using the package-private constructor.
[INFO ] 2024-12-02 02:51:56.042 [restartedMain][AbstractAzureServiceClientBuilderFactory.java] AbstractAzureServiceClientBuilderFactory - Will configure the default credential of type DefaultAzureCredential for class com.azure.identity.DefaultAzureCredentialBuilder.
[WARN ] 2024-12-02 02:51:56.065 [restartedMain][ClientLogger.java] Utility - The following Netty dependencies have versions that do not match the versions specified in the azure-core-http-netty pom.xml file. This may result in unexpected behavior. If your application runs without issue this message can be ignored, otherwise please update the Netty dependencies to match the versions specified in the pom.xml file. Versions found in runtime: 'io.netty:netty-common' version: 4.1.97.Final (expected: 4.1.108.Final),'io.netty:netty-handler' version: 4.1.97.Final (expected: 4.1.108.Final),'io.netty:netty-handler-proxy' version: 4.1.97.Final (expected: 4.1.108.Final),'io.netty:netty-buffer' version: 4.1.97.Final (expected: 4.1.108.Final),'io.netty:netty-codec' version: 4.1.97.Final (expected: 4.1.108.Final),'io.netty:netty-codec-http' version: 4.1.97.Final (expected: 4.1.108.Final),'io.netty:netty-codec-http2' version: 4.1.97.Final (expected: 4.1.108.Final),'io.netty:netty-transport-native-unix-common' version: 4.1.97.Final (expected: 4.1.108.Final),'io.netty:netty-transport-native-epoll' version: 4.1.97.Final (expected: 4.1.108.Final),'io.netty:netty-transport-native-kqueue' version: 4.1.97.Final (expected: 4.1.108.Final)
[INFO ] 2024-12-02 02:51:56.292 [restartedMain][OptionalLiveReloadServer.java] OptionalLiveReloadServer - LiveReload server is running on port 35729
[INFO ] 2024-12-02 02:51:56.371 [restartedMain][DirectJDKLog.java] Http11NioProtocol - Starting ProtocolHandler ["http-nio-8080"]
[INFO ] 2024-12-02 02:51:56.382 [restartedMain][TomcatWebServer.java] TomcatWebServer - Tomcat started on port(s): 8080 (http) with context path ''
[INFO ] 2024-12-02 02:51:56.383 [restartedMain][CompositeLog.java] SimpleBrokerMessageHandler - Starting...
[INFO ] 2024-12-02 02:51:56.384 [restartedMain][CompositeLog.java] SimpleBrokerMessageHandler - BrokerAvailabilityEvent[available=true, SimpleBrokerMessageHandler [org.springframework.messaging.simp.broker.DefaultSubscriptionRegistry@10886da]]
[INFO ] 2024-12-02 02:51:56.384 [restartedMain][CompositeLog.java] SimpleBrokerMessageHandler - Started.
[INFO ] 2024-12-02 02:51:56.390 [restartedMain][StartupInfoLogger.java] UsedAuctionApplication - Started UsedAuctionApplication in 6.791 seconds (JVM running for 7.862)
[INFO ] 2024-12-02 02:52:55.465 [MessageBroker-1][WebSocketMessageBrokerStats.java] WebSocketMessageBrokerStats - WebSocketSession[0 current WS(0)-HttpStream(0)-HttpPoll(0), 0 total, 0 closed abnormally (0 connect failure, 0 send limit, 0 transport error)], stompSubProtocol[processed CONNECT(0)-CONNECTED(0)-DISCONNECT(0)], stompBrokerRelay[null], inboundChannel[pool size = 0, active threads = 0, queued tasks = 0, completed tasks = 0], outboundChannel[pool size = 0, active threads = 0, queued tasks = 0, completed tasks = 0], sockJsScheduler[pool size = 1, active threads = 1, queued tasks = 0, completed tasks = 0]
[INFO ] 2024-12-02 02:53:03.703 [http-nio-8080-exec-1][DirectJDKLog.java] [/] - Initializing Spring DispatcherServlet 'dispatcherServlet'
[INFO ] 2024-12-02 02:53:03.704 [http-nio-8080-exec-1][FrameworkServlet.java] DispatcherServlet - Initializing Servlet 'dispatcherServlet'
[INFO ] 2024-12-02 02:53:03.705 [http-nio-8080-exec-1][FrameworkServlet.java] DispatcherServlet - Completed initialization in 1 ms
[INFO ] 2024-12-02 02:53:03.716 [http-nio-8080-exec-1][JwtFilter.java] JwtFilter - IP: 172.23.208.1, Not Token, uri: /api/main
[INFO ] 2024-12-02 02:53:03.832 [http-nio-8080-exec-2][JwtFilter.java] JwtFilter - IP: 172.23.208.1, Not Token, uri: /api/main
[INFO ] 2024-12-02 02:53:48.276 [http-nio-8080-exec-3][JwtFilter.java] JwtFilter - IP: 172.23.208.1, Not Token, uri: /api/sign-in
[INFO ] 2024-12-02 02:53:48.278 [http-nio-8080-exec-4][JwtFilter.java] JwtFilter - IP: 172.23.208.1, Not Token, uri: /api/sign-in
[INFO ] 2024-12-02 02:53:51.831 [http-nio-8080-exec-5][JwtFilter.java] JwtFilter - IP: 172.23.208.1, Not Token, uri: /api/notification
[INFO ] 2024-12-02 02:53:51.831 [http-nio-8080-exec-6][JwtFilter.java] JwtFilter - IP: 172.23.208.1, Not Token, uri: /api/notification
[INFO ] 2024-12-02 02:53:51.831 [http-nio-8080-exec-7][JwtFilter.java] JwtFilter - IP: 172.23.208.1, Not Token, uri: /api/main
[INFO ] 2024-12-02 02:53:51.835 [http-nio-8080-exec-8][JwtFilter.java] JwtFilter - IP: 172.23.208.1, Not Token, uri: /api/notification
[INFO ] 2024-12-02 02:53:51.835 [http-nio-8080-exec-9][JwtFilter.java] JwtFilter - IP: 172.23.208.1, Not Token, uri: /api/notification
[INFO ] 2024-12-02 02:53:51.848 [http-nio-8080-exec-2][JwtFilter.java] JwtFilter - IP: 172.23.208.1, Not Token, uri: /api/notification
[INFO ] 2024-12-02 02:53:51.850 [http-nio-8080-exec-3][JwtFilter.java] JwtFilter - IP: 172.23.208.1, Not Token, uri: /api/notification
[INFO ] 2024-12-02 02:53:51.853 [http-nio-8080-exec-4][JwtFilter.java] JwtFilter - IP: 172.23.208.1, Not Token, uri: /api/main
[INFO ] 2024-12-02 02:53:51.858 [http-nio-8080-exec-1][JwtFilter.java] JwtFilter - IP: 172.23.208.1, Username: rlgur109@naver.com, uri: /api/notification
[INFO ] 2024-12-02 02:53:51.858 [http-nio-8080-exec-10][JwtFilter.java] JwtFilter - IP: 172.23.208.1, Username: rlgur109@naver.com, uri: /api/notification
[INFO ] 2024-12-02 02:53:51.875 [http-nio-8080-exec-5][JwtFilter.java] JwtFilter - IP: 172.23.208.1, Username: rlgur109@naver.com, uri: /api/notification
[ERROR] 2024-12-02 02:53:51.884 [http-nio-8080-exec-1][HandlerExecutionChain.java] HandlerExecutionChain - Interceptor [org.springframework.web.servlet.handler.WebRequestHandlerInterceptorAdapter@a142f9] failed in afterConcurrentHandlingStarted
java.lang.IllegalStateException: No value for key [org.springframework.orm.jpa.LocalContainerEntityManagerFactoryBean@3ea447] bound to thread
	at org.springframework.transaction.support.TransactionSynchronizationManager.unbindResource(TransactionSynchronizationManager.java:198) ~[spring-tx-5.3.30.jar:5.3.30]
	at org.springframework.orm.jpa.support.OpenEntityManagerInViewInterceptor.afterConcurrentHandlingStarted(OpenEntityManagerInViewInterceptor.java:135) ~[spring-orm-5.3.30.jar:5.3.30]
	at org.springframework.web.servlet.handler.WebRequestHandlerInterceptorAdapter.afterConcurrentHandlingStarted(WebRequestHandlerInterceptorAdapter.java:81) ~[spring-webmvc-5.3.30.jar:5.3.30]
	at org.springframework.web.servlet.HandlerExecutionChain.applyAfterConcurrentHandlingStarted(HandlerExecutionChain.java:195) ~[spring-webmvc-5.3.30.jar:5.3.30]
	at org.springframework.web.servlet.DispatcherServlet.doDispatch(DispatcherServlet.java:1102) ~[spring-webmvc-5.3.30.jar:5.3.30]
	at org.springframework.web.servlet.DispatcherServlet.doService(DispatcherServlet.java:965) ~[spring-webmvc-5.3.30.jar:5.3.30]
	at org.springframework.web.servlet.FrameworkServlet.processRequest(FrameworkServlet.java:1006) ~[spring-webmvc-5.3.30.jar:5.3.30]
	at org.springframework.web.servlet.FrameworkServlet.doGet(FrameworkServlet.java:898) ~[spring-webmvc-5.3.30.jar:5.3.30]
	at javax.servlet.http.HttpServlet.service(HttpServlet.java:529) ~[tomcat-embed-core-9.0.80.jar:4.0.FR]
	at org.springframework.web.servlet.FrameworkServlet.service(FrameworkServlet.java:883) ~[spring-webmvc-5.3.30.jar:5.3.30]
	at javax.servlet.http.HttpServlet.service(HttpServlet.java:623) ~[tomcat-embed-core-9.0.80.jar:4.0.FR]
	at org.apache.catalina.core.ApplicationFilterChain.internalDoFilter(ApplicationFilterChain.java:209) ~[tomcat-embed-core-9.0.80.jar:9.0.80]
	at org.apache.catalina.core.ApplicationFilterChain.doFilter(ApplicationFilterChain.java:153) ~[tomcat-embed-core-9.0.80.jar:9.0.80]
	at org.apache.tomcat.websocket.server.WsFilter.doFilter(WsFilter.java:51) ~[tomcat-embed-websocket-9.0.80.jar:9.0.80]
	at org.apache.catalina.core.ApplicationFilterChain.internalDoFilter(ApplicationFilterChain.java:178) ~[tomcat-embed-core-9.0.80.jar:9.0.80]
	at org.apache.catalina.core.ApplicationFilterChain.doFilter(ApplicationFilterChain.java:153) ~[tomcat-embed-core-9.0.80.jar:9.0.80]
	at org.springframework.web.filter.OncePerRequestFilter.doFilter(OncePerRequestFilter.java:111) ~[spring-web-5.3.30.jar:5.3.30]
	at org.apache.catalina.core.ApplicationFilterChain.internalDoFilter(ApplicationFilterChain.java:178) ~[tomcat-embed-core-9.0.80.jar:9.0.80]
	at org.apache.catalina.core.ApplicationFilterChain.doFilter(ApplicationFilterChain.java:153) ~[tomcat-embed-core-9.0.80.jar:9.0.80]
	at org.springframework.security.web.FilterChainProxy$VirtualFilterChain.doFilter(FilterChainProxy.java:337) ~[spring-security-web-5.7.11.jar:5.7.11]
	at org.springframework.security.web.access.intercept.AuthorizationFilter.doFilter(AuthorizationFilter.java:96) ~[spring-security-web-5.7.11.jar:5.7.11]
	at org.springframework.security.web.FilterChainProxy$VirtualFilterChain.doFilter(FilterChainProxy.java:346) ~[spring-security-web-5.7.11.jar:5.7.11]
	at org.springframework.security.web.access.ExceptionTranslationFilter.doFilter(ExceptionTranslationFilter.java:122) ~[spring-security-web-5.7.11.jar:5.7.11]
	at org.springframework.security.web.access.ExceptionTranslationFilter.doFilter(ExceptionTranslationFilter.java:116) ~[spring-security-web-5.7.11.jar:5.7.11]
	at org.springframework.security.web.FilterChainProxy$VirtualFilterChain.doFilter(FilterChainProxy.java:346) ~[spring-security-web-5.7.11.jar:5.7.11]
	at org.springframework.security.web.session.SessionManagementFilter.doFilter(SessionManagementFilter.java:126) ~[spring-security-web-5.7.11.jar:5.7.11]
	at org.springframework.security.web.session.SessionManagementFilter.doFilter(SessionManagementFilter.java:81) ~[spring-security-web-5.7.11.jar:5.7.11]
	at org.springframework.security.web.FilterChainProxy$VirtualFilterChain.doFilter(FilterChainProxy.java:346) ~[spring-security-web-5.7.11.jar:5.7.11]
	at org.springframework.security.web.authentication.AnonymousAuthenticationFilter.doFilter(AnonymousAuthenticationFilter.java:109) ~[spring-security-web-5.7.11.jar:5.7.11]
	at org.springframework.security.web.FilterChainProxy$VirtualFilterChain.doFilter(FilterChainProxy.java:346) ~[spring-security-web-5.7.11.jar:5.7.11]
	at org.springframework.security.web.servletapi.SecurityContextHolderAwareRequestFilter.doFilter(SecurityContextHolderAwareRequestFilter.java:149) ~[spring-security-web-5.7.11.jar:5.7.11]
	at org.springframework.security.web.FilterChainProxy$VirtualFilterChain.doFilter(FilterChainProxy.java:346) ~[spring-security-web-5.7.11.jar:5.7.11]
	at org.springframework.security.web.savedrequest.RequestCacheAwareFilter.doFilter(RequestCacheAwareFilter.java:63) ~[spring-security-web-5.7.11.jar:5.7.11]
	at org.springframework.security.web.FilterChainProxy$VirtualFilterChain.doFilter(FilterChainProxy.java:346) ~[spring-security-web-5.7.11.jar:5.7.11]
	at org.springframework.web.filter.CorsFilter.doFilterInternal(CorsFilter.java:91) ~[spring-web-5.3.30.jar:5.3.30]
	at org.springframework.web.filter.OncePerRequestFilter.doFilter(OncePerRequestFilter.java:117) ~[spring-web-5.3.30.jar:5.3.30]
	at org.springframework.security.web.FilterChainProxy$VirtualFilterChain.doFilter(FilterChainProxy.java:346) ~[spring-security-web-5.7.11.jar:5.7.11]
	at com.example.usedAuction.config.jwt.JwtFilter.doFilter(JwtFilter.java:83) ~[classes/:?]
	at org.springframework.security.web.FilterChainProxy$VirtualFilterChain.doFilter(FilterChainProxy.java:346) ~[spring-security-web-5.7.11.jar:5.7.11]
	at org.springframework.security.web.authentication.logout.LogoutFilter.doFilter(LogoutFilter.java:103) ~[spring-security-web-5.7.11.jar:5.7.11]
	at org.springframework.security.web.authentication.logout.LogoutFilter.doFilter(LogoutFilter.java:89) ~[spring-security-web-5.7.11.jar:5.7.11]
	at org.springframework.security.web.FilterChainProxy$VirtualFilterChain.doFilter(FilterChainProxy.java:346) ~[spring-security-web-5.7.11.jar:5.7.11]
	at org.springframework.security.web.header.HeaderWriterFilter.doHeadersAfter(HeaderWriterFilter.java:90) ~[spring-security-web-5.7.11.jar:5.7.11]
	at org.springframework.security.web.header.HeaderWriterFilter.doFilterInternal(HeaderWriterFilter.java:75) ~[spring-security-web-5.7.11.jar:5.7.11]
	at org.springframework.web.filter.OncePerRequestFilter.doFilter(OncePerRequestFilter.java:117) ~[spring-web-5.3.30.jar:5.3.30]
	at org.springframework.security.web.FilterChainProxy$VirtualFilterChain.doFilter(FilterChainProxy.java:346) ~[spring-security-web-5.7.11.jar:5.7.11]
	at org.springframework.security.web.context.SecurityContextPersistenceFilter.doFilter(SecurityContextPersistenceFilter.java:112) ~[spring-security-web-5.7.11.jar:5.7.11]
	at org.springframework.security.web.context.SecurityContextPersistenceFilter.doFilter(SecurityContextPersistenceFilter.java:82) ~[spring-security-web-5.7.11.jar:5.7.11]
	at org.springframework.security.web.FilterChainProxy$VirtualFilterChain.doFilter(FilterChainProxy.java:346) ~[spring-security-web-5.7.11.jar:5.7.11]
	at org.springframework.security.web.context.request.async.WebAsyncManagerIntegrationFilter.doFilterInternal(WebAsyncManagerIntegrationFilter.java:55) ~[spring-security-web-5.7.11.jar:5.7.11]
	at org.springframework.web.filter.OncePerRequestFilter.doFilter(OncePerRequestFilter.java:117) ~[spring-web-5.3.30.jar:5.3.30]
	at org.springframework.security.web.FilterChainProxy$VirtualFilterChain.doFilter(FilterChainProxy.java:346) ~[spring-security-web-5.7.11.jar:5.7.11]
	at org.springframework.security.web.session.DisableEncodeUrlFilter.doFilterInternal(DisableEncodeUrlFilter.java:42) ~[spring-security-web-5.7.11.jar:5.7.11]
	at org.springframework.web.filter.OncePerRequestFilter.doFilter(OncePerRequestFilter.java:117) ~[spring-web-5.3.30.jar:5.3.30]
	at org.springframework.security.web.FilterChainProxy$VirtualFilterChain.doFilter(FilterChainProxy.java:346) ~[spring-security-web-5.7.11.jar:5.7.11]
	at org.springframework.security.web.FilterChainProxy.doFilterInternal(FilterChainProxy.java:221) ~[spring-security-web-5.7.11.jar:5.7.11]
	at org.springframework.security.web.FilterChainProxy.doFilter(FilterChainProxy.java:186) ~[spring-security-web-5.7.11.jar:5.7.11]
	at org.springframework.web.filter.DelegatingFilterProxy.invokeDelegate(DelegatingFilterProxy.java:354) ~[spring-web-5.3.30.jar:5.3.30]
	at org.springframework.web.filter.DelegatingFilterProxy.doFilter(DelegatingFilterProxy.java:267) ~[spring-web-5.3.30.jar:5.3.30]
	at org.apache.catalina.core.ApplicationFilterChain.internalDoFilter(ApplicationFilterChain.java:178) ~[tomcat-embed-core-9.0.80.jar:9.0.80]
	at org.apache.catalina.core.ApplicationFilterChain.doFilter(ApplicationFilterChain.java:153) ~[tomcat-embed-core-9.0.80.jar:9.0.80]
	at org.springframework.web.filter.RequestContextFilter.doFilterInternal(RequestContextFilter.java:100) ~[spring-web-5.3.30.jar:5.3.30]
	at org.springframework.web.filter.OncePerRequestFilter.doFilter(OncePerRequestFilter.java:117) ~[spring-web-5.3.30.jar:5.3.30]
	at org.apache.catalina.core.ApplicationFilterChain.internalDoFilter(ApplicationFilterChain.java:178) ~[tomcat-embed-core-9.0.80.jar:9.0.80]
	at org.apache.catalina.core.ApplicationFilterChain.doFilter(ApplicationFilterChain.java:153) ~[tomcat-embed-core-9.0.80.jar:9.0.80]
	at org.springframework.web.filter.FormContentFilter.doFilterInternal(FormContentFilter.java:93) ~[spring-web-5.3.30.jar:5.3.30]
	at org.springframework.web.filter.OncePerRequestFilter.doFilter(OncePerRequestFilter.java:117) ~[spring-web-5.3.30.jar:5.3.30]
	at org.apache.catalina.core.ApplicationFilterChain.internalDoFilter(ApplicationFilterChain.java:178) ~[tomcat-embed-core-9.0.80.jar:9.0.80]
	at org.apache.catalina.core.ApplicationFilterChain.doFilter(ApplicationFilterChain.java:153) ~[tomcat-embed-core-9.0.80.jar:9.0.80]
	at org.springframework.web.filter.CharacterEncodingFilter.doFilterInternal(CharacterEncodingFilter.java:201) ~[spring-web-5.3.30.jar:5.3.30]
	at org.springframework.web.filter.OncePerRequestFilter.doFilter(OncePerRequestFilter.java:117) ~[spring-web-5.3.30.jar:5.3.30]
	at org.apache.catalina.core.ApplicationFilterChain.internalDoFilter(ApplicationFilterChain.java:178) ~[tomcat-embed-core-9.0.80.jar:9.0.80]
	at org.apache.catalina.core.ApplicationFilterChain.doFilter(ApplicationFilterChain.java:153) ~[tomcat-embed-core-9.0.80.jar:9.0.80]
	at org.apache.catalina.core.StandardWrapperValve.invoke(StandardWrapperValve.java:168) ~[tomcat-embed-core-9.0.80.jar:9.0.80]
	at org.apache.catalina.core.StandardContextValve.invoke(StandardContextValve.java:90) ~[tomcat-embed-core-9.0.80.jar:9.0.80]
	at org.apache.catalina.authenticator.AuthenticatorBase.invoke(AuthenticatorBase.java:481) ~[tomcat-embed-core-9.0.80.jar:9.0.80]
	at org.apache.catalina.core.StandardHostValve.invoke(StandardHostValve.java:130) ~[tomcat-embed-core-9.0.80.jar:9.0.80]
	at org.apache.catalina.valves.ErrorReportValve.invoke(ErrorReportValve.java:93) ~[tomcat-embed-core-9.0.80.jar:9.0.80]
	at org.apache.catalina.core.StandardEngineValve.invoke(StandardEngineValve.java:74) ~[tomcat-embed-core-9.0.80.jar:9.0.80]
	at org.apache.catalina.connector.CoyoteAdapter.service(CoyoteAdapter.java:343) ~[tomcat-embed-core-9.0.80.jar:9.0.80]
	at org.apache.coyote.http11.Http11Processor.service(Http11Processor.java:390) ~[tomcat-embed-core-9.0.80.jar:9.0.80]
	at org.apache.coyote.AbstractProcessorLight.process(AbstractProcessorLight.java:63) ~[tomcat-embed-core-9.0.80.jar:9.0.80]
	at org.apache.coyote.AbstractProtocol$ConnectionHandler.process(AbstractProtocol.java:926) ~[tomcat-embed-core-9.0.80.jar:9.0.80]
	at org.apache.tomcat.util.net.NioEndpoint$SocketProcessor.doRun(NioEndpoint.java:1790) ~[tomcat-embed-core-9.0.80.jar:9.0.80]
	at org.apache.tomcat.util.net.SocketProcessorBase.run(SocketProcessorBase.java:52) ~[tomcat-embed-core-9.0.80.jar:9.0.80]
	at org.apache.tomcat.util.threads.ThreadPoolExecutor.runWorker(ThreadPoolExecutor.java:1191) ~[tomcat-embed-core-9.0.80.jar:9.0.80]
	at org.apache.tomcat.util.threads.ThreadPoolExecutor$Worker.run(ThreadPoolExecutor.java:659) ~[tomcat-embed-core-9.0.80.jar:9.0.80]
	at org.apache.tomcat.util.threads.TaskThread$WrappingRunnable.run(TaskThread.java:61) ~[tomcat-embed-core-9.0.80.jar:9.0.80]
	at java.lang.Thread.run(Thread.java:748) ~[?:1.8.0_202]
[INFO ] 2024-12-02 02:53:51.895 [http-nio-8080-exec-6][JwtFilter.java] JwtFilter - IP: 172.23.208.1, Username: rlgur109@naver.com, uri: /api/notification
[INFO ] 2024-12-02 02:53:51.904 [http-nio-8080-exec-8][JwtFilter.java] JwtFilter - IP: 172.23.208.1, Username: rlgur109@naver.com, uri: /api/notification
[INFO ] 2024-12-02 02:53:51.913 [http-nio-8080-exec-9][JwtFilter.java] JwtFilter - IP: 172.23.208.1, Username: rlgur109@naver.com, uri: /api/notification
[INFO ] 2024-12-02 02:55:43.051 [http-nio-8080-exec-1][JwtFilter.java] JwtFilter - IP: 172.23.208.1, Not Token, uri: /api/notification
[INFO ] 2024-12-02 02:55:43.051 [http-nio-8080-exec-5][JwtFilter.java] JwtFilter - IP: 172.23.208.1, Not Token, uri: /api/notification
[INFO ] 2024-12-02 02:55:43.051 [http-nio-8080-exec-8][JwtFilter.java] JwtFilter - IP: 172.23.208.1, Not Token, uri: /api/main
[INFO ] 2024-12-02 02:55:43.051 [http-nio-8080-exec-9][JwtFilter.java] JwtFilter - IP: 172.23.208.1, Not Token, uri: /api/notification
[INFO ] 2024-12-02 02:55:43.051 [http-nio-8080-exec-10][JwtFilter.java] JwtFilter - IP: 172.23.208.1, Not Token, uri: /api/notification
[INFO ] 2024-12-02 02:55:43.051 [http-nio-8080-exec-6][JwtFilter.java] JwtFilter - IP: 172.23.208.1, Not Token, uri: /api/notification
[INFO ] 2024-12-02 02:55:43.054 [http-nio-8080-exec-3][JwtFilter.java] JwtFilter - IP: 172.23.208.1, Not Token, uri: /api/notification
[INFO ] 2024-12-02 02:55:43.054 [http-nio-8080-exec-4][JwtFilter.java] JwtFilter - IP: 172.23.208.1, Not Token, uri: /api/notification
[INFO ] 2024-12-02 02:55:43.054 [http-nio-8080-exec-2][JwtFilter.java] JwtFilter - IP: 172.23.208.1, Not Token, uri: /api/notification
[INFO ] 2024-12-02 02:55:43.058 [http-nio-8080-exec-6][JwtFilter.java] JwtFilter - IP: 172.23.208.1, Username: rlgur109@naver.com, uri: /api/notification
[INFO ] 2024-12-02 02:55:43.058 [http-nio-8080-exec-7][JwtFilter.java] JwtFilter - IP: 172.23.208.1, Username: rlgur109@naver.com, uri: /api/notification
[INFO ] 2024-12-02 02:55:43.064 [http-nio-8080-exec-9][JwtFilter.java] JwtFilter - IP: 172.23.208.1, Not Token, uri: /api/main
[INFO ] 2024-12-02 02:55:43.067 [http-nio-8080-exec-1][JwtFilter.java] JwtFilter - IP: 172.23.208.1, Username: rlgur109@naver.com, uri: /api/notification
[INFO ] 2024-12-02 02:55:43.075 [http-nio-8080-exec-5][JwtFilter.java] JwtFilter - IP: 172.23.208.1, Username: rlgur109@naver.com, uri: /api/notification
[INFO ] 2024-12-02 02:55:43.083 [http-nio-8080-exec-10][JwtFilter.java] JwtFilter - IP: 172.23.208.1, Username: rlgur109@naver.com, uri: /api/notification
[INFO ] 2024-12-02 02:55:49.651 [http-nio-8080-exec-4][JwtFilter.java] JwtFilter - IP: 172.23.208.1, Not Token, uri: /api/notification
[INFO ] 2024-12-02 02:55:49.652 [http-nio-8080-exec-3][JwtFilter.java] JwtFilter - IP: 172.23.208.1, Not Token, uri: /api/notification
[INFO ] 2024-12-02 02:55:49.653 [http-nio-8080-exec-6][JwtFilter.java] JwtFilter - IP: 172.23.208.1, Not Token, uri: /api/notification
[INFO ] 2024-12-02 02:55:49.654 [http-nio-8080-exec-8][JwtFilter.java] JwtFilter - IP: 172.23.208.1, Not Token, uri: /api/main
[INFO ] 2024-12-02 02:55:49.654 [http-nio-8080-exec-7][JwtFilter.java] JwtFilter - IP: 172.23.208.1, Not Token, uri: /api/notification
[INFO ] 2024-12-02 02:55:49.657 [http-nio-8080-exec-2][JwtFilter.java] JwtFilter - IP: 172.23.208.1, Username: rlgur109@naver.com, uri: /api/notification
[INFO ] 2024-12-02 02:55:49.657 [http-nio-8080-exec-1][JwtFilter.java] JwtFilter - IP: 172.23.208.1, Not Token, uri: /api/notification
[INFO ] 2024-12-02 02:55:49.657 [http-nio-8080-exec-9][JwtFilter.java] JwtFilter - IP: 172.23.208.1, Not Token, uri: /api/notification
[INFO ] 2024-12-02 02:55:49.658 [http-nio-8080-exec-5][JwtFilter.java] JwtFilter - IP: 172.23.208.1, Not Token, uri: /api/notification
[INFO ] 2024-12-02 02:55:49.660 [http-nio-8080-exec-10][JwtFilter.java] JwtFilter - IP: 172.23.208.1, Not Token, uri: /api/notification
[INFO ] 2024-12-02 02:55:49.662 [http-nio-8080-exec-4][JwtFilter.java] JwtFilter - IP: 172.23.208.1, Username: rlgur109@naver.com, uri: /api/notification
[INFO ] 2024-12-02 02:55:49.662 [http-nio-8080-exec-3][JwtFilter.java] JwtFilter - IP: 172.23.208.1, Username: rlgur109@naver.com, uri: /api/notification
[INFO ] 2024-12-02 02:55:49.670 [http-nio-8080-exec-6][JwtFilter.java] JwtFilter - IP: 172.23.208.1, Not Token, uri: /api/main
[INFO ] 2024-12-02 02:55:49.674 [http-nio-8080-exec-7][JwtFilter.java] JwtFilter - IP: 172.23.208.1, Username: rlgur109@naver.com, uri: /api/notification
[INFO ] 2024-12-02 02:55:49.686 [http-nio-8080-exec-1][JwtFilter.java] JwtFilter - IP: 172.23.208.1, Username: rlgur109@naver.com, uri: /api/notification
[INFO ] 2024-12-02 02:55:49.698 [http-nio-8080-exec-9][JwtFilter.java] JwtFilter - IP: 172.23.208.1, Username: rlgur109@naver.com, uri: /api/notification
